  undistort_cv.cpp
undistort_cv.obj : error LNK2001: unresolved external symbol "void __cdecl cv::undistort(class cv::_InputArray const &,class cv::_OutputArray const &,class cv::_InputArray const &,class cv::_InputArray const &,class cv::_InputArray const &)" (?undistort@cv@@YAXAEBV_InputArray@1@AEBV_OutputArray@1@000@Z)
undistort_cv.obj : error LNK2001: unresolved external symbol "void __cdecl cv::drawChessboardCorners(class cv::_InputOutputArray const &,class cv::Size_<int>,class cv::_InputArray const &,bool)" (?drawChessboardCorners@cv@@YAXAEBV_InputOutputArray@1@V?$Size_@H@1@AEBV_InputArray@1@_N@Z)
undistort_cv.obj : error LNK2001: unresolved external symbol "double __cdecl cv::calibrateCamera(class cv::_InputArray const &,class cv::_InputArray const &,class cv::Size_<int>,class cv::_InputOutputArray const &,class cv::_InputOutputArray const &,class cv::_OutputArray const &,class cv::_OutputArray const &,int,class cv::TermCriteria)" (?calibrateCamera@cv@@YANAEBV_InputArray@1@0V?$Size_@H@1@AEBV_InputOutputArray@1@2AEBV_OutputArray@1@3HVTermCriteria@1@@Z)
undistort_cv.obj : error LNK2001: unresolved external symbol "void __cdecl cv::imshow(class std::basic_string<char,struct std::char_traits<char>,class std::allocator<char> > const &,class cv::_InputArray const &)" (?imshow@cv@@YAXAEBV?$basic_string@DU?$char_traits@D@std@@V?$allocator@D@2@@std@@AEBV_InputArray@1@@Z)
undistort_cv.obj : error LNK2001: unresolved external symbol "void __cdecl cv::cornerSubPix(class cv::_InputArray const &,class cv::_InputOutputArray const &,class cv::Size_<int>,class cv::Size_<int>,class cv::TermCriteria)" (?cornerSubPix@cv@@YAXAEBV_InputArray@1@AEBV_InputOutputArray@1@V?$Size_@H@1@2VTermCriteria@1@@Z)
undistort_cv.obj : error LNK2001: unresolved external symbol "void __cdecl cv::namedWindow(class std::basic_string<char,struct std::char_traits<char>,class std::allocator<char> > const &,int)" (?namedWindow@cv@@YAXAEBV?$basic_string@DU?$char_traits@D@std@@V?$allocator@D@2@@std@@H@Z)
undistort_cv.obj : error LNK2001: unresolved external symbol "public: bool __cdecl cv::Mat::empty(void)const " (?empty@Mat@cv@@QEBA_NXZ)
undistort_cv.obj : error LNK2001: unresolved external symbol "public: class cv::Mat & __cdecl cv::Mat::operator=(class cv::Mat &&)" (??4Mat@cv@@QEAAAEAV01@$$QEAV01@@Z)
undistort_cv.obj : error LNK2001: unresolved external symbol "public: __cdecl cv::Mat::~Mat(void)" (??1Mat@cv@@QEAA@XZ)
undistort_cv.obj : error LNK2001: unresolved external symbol "public: __cdecl cv::Mat::Mat(void)" (??0Mat@cv@@QEAA@XZ)
undistort_cv.obj : error LNK2001: unresolved external symbol "class cv::FileStorage & __cdecl cv::operator<<(class cv::FileStorage &,class std::basic_string<char,struct std::char_traits<char>,class std::allocator<char> > const &)" (??6cv@@YAAEAVFileStorage@0@AEAV10@AEBV?$basic_string@DU?$char_traits@D@std@@V?$allocator@D@2@@std@@@Z)
undistort_cv.obj : error LNK2001: unresolved external symbol "void __cdecl cv::cvtColor(class cv::_InputArray const &,class cv::_OutputArray const &,int,int)" (?cvtColor@cv@@YAXAEBV_InputArray@1@AEBV_OutputArray@1@HH@Z)
undistort_cv.obj : error LNK2001: unresolved external symbol "class cv::_InputOutputArray const & __cdecl cv::noArray(void)" (?noArray@cv@@YAAEBV_InputOutputArray@1@XZ)
undistort_cv.obj : error LNK2001: unresolved external symbol "void __cdecl cv::read(class cv::FileNode const &,class cv::Mat &,class cv::Mat const &)" (?read@cv@@YAXAEBVFileNode@1@AEAVMat@1@AEBV31@@Z)
undistort_cv.obj : error LNK2001: unresolved external symbol "void __cdecl cv::glob(class std::basic_string<char,struct std::char_traits<char>,class std::allocator<char> >,class std::vector<class std::basic_string<char,struct std::char_traits<char>,class std::allocator<char> >,class std::allocator<class std::basic_string<char,struct std::char_traits<char>,class std::allocator<char> > > > &,bool)" (?glob@cv@@YAXV?$basic_string@DU?$char_traits@D@std@@V?$allocator@D@2@@std@@AEAV?$vector@V?$basic_string@DU?$char_traits@D@std@@V?$allocator@D@2@@std@@V?$allocator@V?$basic_string@DU?$char_traits@D@std@@V?$allocator@D@2@@std@@@2@@3@_N@Z)
undistort_cv.obj : error LNK2001: unresolved external symbol "public: class cv::FileNode __cdecl cv::FileStorage::operator[](char const *)const " (??AFileStorage@cv@@QEBA?AVFileNode@1@PEBD@Z)
undistort_cv.obj : error LNK2001: unresolved external symbol "public: virtual void __cdecl cv::FileStorage::release(void)" (?release@FileStorage@cv@@UEAAXXZ)
undistort_cv.obj : error LNK2001: unresolved external symbol "public: virtual __cdecl cv::FileStorage::~FileStorage(void)" (??1FileStorage@cv@@UEAA@XZ)
undistort_cv.obj : error LNK2001: unresolved external symbol "public: __cdecl cv::FileStorage::FileStorage(class std::basic_string<char,struct std::char_traits<char>,class std::allocator<char> > const &,int,class std::basic_string<char,struct std::char_traits<char>,class std::allocator<char> > const &)" (??0FileStorage@cv@@QEAA@AEBV?$basic_string@DU?$char_traits@D@std@@V?$allocator@D@2@@std@@H0@Z)
undistort_cv.obj : error LNK2001: unresolved external symbol "class cv::Mat __cdecl cv::imread(class std::basic_string<char,struct std::char_traits<char>,class std::allocator<char> > const &,int)" (?imread@cv@@YA?AVMat@1@AEBV?$basic_string@DU?$char_traits@D@std@@V?$allocator@D@2@@std@@H@Z)
undistort_cv.obj : error LNK2001: unresolved external symbol "void __cdecl cv::error(int,class std::basic_string<char,struct std::char_traits<char>,class std::allocator<char> > const &,char const *,char const *,int)" (?error@cv@@YAXHAEBV?$basic_string@DU?$char_traits@D@std@@V?$allocator@D@2@@std@@PEBD1H@Z)
undistort_cv.obj : error LNK2001: unresolved external symbol "bool __cdecl cv::findChessboardCorners(class cv::_InputArray const &,class cv::Size_<int>,class cv::_OutputArray const &,int)" (?findChessboardCorners@cv@@YA_NAEBV_InputArray@1@V?$Size_@H@1@AEBV_OutputArray@1@H@Z)
undistort_cv.obj : error LNK2001: unresolved external symbol "int __cdecl cv::waitKey(int)" (?waitKey@cv@@YAHH@Z)
undistort_cv.obj : error LNK2001: unresolved external symbol "void __cdecl cv::write(class cv::FileStorage &,class std::basic_string<char,struct std::char_traits<char>,class std::allocator<char> > const &,class cv::Mat const &)" (?write@cv@@YAXAEAVFileStorage@1@AEBV?$basic_string@DU?$char_traits@D@std@@V?$allocator@D@2@@std@@AEBVMat@1@@Z)
C:\Users\Grant\source\repos\Lockheed-Martin-Space\LMS-ComputerVision\ARM64\Release\Undistort.exe : fatal error LNK1120: 24 unresolved externals
